
~~~~~~~~~~~~~~~~~~~~~~~~~~~~~~~~~~~~~~~~~~~~~~~~~~~~~~~~~~~~~~~~~~~~~~~~~~~~~~~~

dataset_size = 256.00 MB    numObjs = 4194304    numCoords = 16    numClusters = 16    block_size = 32


|-----------Full-offload GPU Kmeans------------|

t_alloc: 370.755911 ms

t_alloc_gpu: 2376.936913 ms

t_get_gpu: 105.317116 ms

nloops = 10  : total = 297.205210 ms
	-> t_loop_avg = 29.720521 ms
	-> t_loop_min = 28.974056 ms
	-> t_loop_max = 30.841112 ms

|-------------------------------------------|

Final cluster centers:
clusters[0] =   3.00   6.88   6.32   2.55   6.08   6.13   6.15   7.01   5.55   4.64   5.24   4.80   5.47   3.58   5.28   3.51 
clusters[1] =   3.10   6.29   3.00   7.09   6.00   4.52   3.21   4.48   5.13   5.06   7.21   6.40   5.39   3.63   5.75   4.29 
clusters[2] =   5.48   4.24   6.69   6.76   2.57   4.54   3.09   6.98   4.73   5.93   4.86   3.54   5.20   3.26   5.64   3.83 
clusters[3] =   6.13   3.87   3.32   5.18   6.08   3.79   7.26   3.53   3.81   5.54   3.61   4.23   5.36   3.35   6.47   3.02 
clusters[4] =   6.92   6.91   5.63   6.35   5.03   3.83   7.19   6.88   4.87   5.99   6.87   4.26   5.28   6.57   3.75   4.85 
clusters[5] =   2.89   5.42   6.51   4.35   3.19   3.37   5.47   3.38   2.38   5.90   4.29   6.16   5.08   6.39   4.40   5.27 
clusters[6] =   4.16   4.10   3.18   5.19   6.16   3.90   5.48   6.53   6.92   6.84   3.24   7.07   5.06   5.72   3.85   6.54 
clusters[7] =   5.35   3.22   5.68   2.99   5.39   4.39   4.26   3.18   6.42   6.85   7.41   3.33   5.11   4.51   4.55   6.29 
clusters[8] =   5.90   7.18   3.14   3.64   3.14   3.16   4.35   3.96   6.43   3.02   4.82   3.77   5.04   5.58   5.71   5.99 
clusters[9] =   6.85   4.38   6.33   3.52   6.35   3.39   3.17   6.63   3.96   3.54   4.01   6.88   4.80   4.48   6.06   6.27 
clusters[10] =   5.23   3.95   7.05   6.51   5.46   6.39   6.93   3.98   5.48   3.52   6.77   6.92   4.80   5.06   6.59   6.53 
clusters[11] =   3.70   3.46   3.00   5.08   3.35   6.82   6.30   6.73   4.14   4.16   4.71   3.26   4.69   5.17   5.65   7.11 
clusters[12] =   5.96   6.92   5.51   5.99   6.10   6.88   4.55   3.31   4.07   5.08   3.32   4.13   4.84   3.18   3.11   6.88 
clusters[13] =   6.55   4.41   3.10   3.86   5.28   6.97   3.71   5.30   2.75   4.67   6.33   5.89   4.56   6.63   3.96   3.18 
clusters[14] =   4.97   4.63   5.25   4.84   2.56   6.70   5.04   3.44   7.53   4.83   3.76   6.78   4.72   5.61   4.16   2.88 
clusters[15] =   4.02   4.01   6.36   6.16   7.32   5.19   3.73   4.73   6.00   4.33   3.47   2.74   4.59   7.31   5.13   3.65 

~~~~~~~~~~~~~~~~~~~~~~~~~~~~~~~~~~~~~~~~~~~~~~~~~~~~~~~~~~~~~~~~~~~~~~~~~~~~~~~~

dataset_size = 256.00 MB    numObjs = 4194304    numCoords = 16    numClusters = 16    block_size = 64


|-----------Full-offload GPU Kmeans------------|

t_alloc: 370.028019 ms

t_alloc_gpu: 2353.011847 ms

t_get_gpu: 105.026960 ms

nloops = 10  : total = 189.254999 ms
	-> t_loop_avg = 18.925500 ms
	-> t_loop_min = 18.275976 ms
	-> t_loop_max = 19.353867 ms

|-------------------------------------------|

Final cluster centers:
clusters[0] =   3.00   6.88   6.32   2.55   6.08   6.13   6.15   7.01   5.55   4.64   5.24   4.80   5.47   3.58   5.28   3.51 
clusters[1] =   3.10   6.29   3.00   7.09   6.00   4.52   3.21   4.48   5.13   5.06   7.21   6.40   5.38   3.63   5.75   4.29 
clusters[2] =   5.48   4.24   6.69   6.76   2.57   4.54   3.09   6.98   4.73   5.93   4.86   3.54   5.20   3.26   5.64   3.83 
clusters[3] =   6.13   3.87   3.32   5.18   6.08   3.79   7.26   3.53   3.81   5.54   3.61   4.23   5.36   3.35   6.47   3.02 
clusters[4] =   6.92   6.91   5.63   6.35   5.03   3.83   7.19   6.88   4.87   5.99   6.87   4.26   5.28   6.57   3.75   4.84 
clusters[5] =   2.89   5.42   6.51   4.35   3.19   3.37   5.47   3.38   2.38   5.90   4.29   6.16   5.08   6.39   4.40   5.27 
clusters[6] =   4.16   4.10   3.18   5.19   6.16   3.90   5.48   6.53   6.92   6.84   3.24   7.07   5.06   5.72   3.85   6.54 
clusters[7] =   5.35   3.22   5.68   2.99   5.39   4.39   4.26   3.18   6.42   6.85   7.41   3.33   5.11   4.51   4.55   6.29 
clusters[8] =   5.90   7.18   3.14   3.64   3.14   3.16   4.35   3.96   6.43   3.02   4.82   3.77   5.04   5.58   5.71   5.99 
clusters[9] =   6.85   4.38   6.33   3.52   6.35   3.38   3.17   6.63   3.96   3.54   4.01   6.88   4.80   4.48   6.06   6.27 
clusters[10] =   5.23   3.95   7.05   6.51   5.46   6.39   6.93   3.98   5.48   3.52   6.77   6.92   4.80   5.06   6.59   6.53 
clusters[11] =   3.70   3.46   3.00   5.08   3.35   6.82   6.30   6.73   4.14   4.16   4.71   3.26   4.69   5.17   5.65   7.11 
clusters[12] =   5.96   6.92   5.51   5.99   6.10   6.88   4.55   3.31   4.07   5.08   3.32   4.13   4.84   3.18   3.11   6.88 
clusters[13] =   6.55   4.41   3.10   3.86   5.28   6.97   3.71   5.30   2.75   4.67   6.33   5.89   4.56   6.63   3.96   3.18 
clusters[14] =   4.97   4.63   5.25   4.84   2.56   6.70   5.04   3.43   7.53   4.83   3.76   6.78   4.72   5.61   4.16   2.89 
clusters[15] =   4.02   4.01   6.36   6.16   7.32   5.19   3.73   4.73   6.00   4.33   3.47   2.74   4.59   7.31   5.13   3.65 

~~~~~~~~~~~~~~~~~~~~~~~~~~~~~~~~~~~~~~~~~~~~~~~~~~~~~~~~~~~~~~~~~~~~~~~~~~~~~~~~

dataset_size = 256.00 MB    numObjs = 4194304    numCoords = 16    numClusters = 16    block_size = 128


|-----------Full-offload GPU Kmeans------------|

t_alloc: 370.172977 ms

t_alloc_gpu: 2350.625038 ms

t_get_gpu: 105.171919 ms

nloops = 10  : total = 169.440985 ms
	-> t_loop_avg = 16.944098 ms
	-> t_loop_min = 16.329050 ms
	-> t_loop_max = 17.081976 ms

|-------------------------------------------|

Final cluster centers:
clusters[0] =   3.00   6.88   6.32   2.55   6.08   6.13   6.15   7.01   5.55   4.64   5.24   4.80   5.47   3.58   5.28   3.51 
clusters[1] =   3.10   6.29   3.00   7.09   6.00   4.52   3.21   4.48   5.13   5.06   7.21   6.40   5.38   3.63   5.75   4.29 
clusters[2] =   5.48   4.24   6.69   6.76   2.57   4.54   3.09   6.98   4.73   5.93   4.86   3.54   5.20   3.26   5.64   3.83 
clusters[3] =   6.13   3.87   3.32   5.18   6.08   3.79   7.26   3.53   3.81   5.54   3.61   4.23   5.36   3.35   6.47   3.02 
clusters[4] =   6.92   6.91   5.63   6.35   5.03   3.83   7.19   6.88   4.87   5.99   6.87   4.26   5.28   6.57   3.75   4.85 
clusters[5] =   2.89   5.42   6.51   4.35   3.19   3.37   5.47   3.38   2.38   5.90   4.29   6.16   5.08   6.39   4.40   5.27 
clusters[6] =   4.16   4.10   3.18   5.19   6.16   3.90   5.48   6.53   6.92   6.84   3.24   7.07   5.06   5.72   3.85   6.54 
clusters[7] =   5.35   3.22   5.68   2.99   5.39   4.39   4.26   3.18   6.42   6.85   7.41   3.33   5.11   4.51   4.55   6.29 
clusters[8] =   5.90   7.18   3.14   3.64   3.14   3.16   4.35   3.96   6.43   3.02   4.82   3.77   5.04   5.58   5.71   5.99 
clusters[9] =   6.85   4.38   6.33   3.52   6.35   3.38   3.17   6.63   3.96   3.54   4.01   6.88   4.80   4.48   6.06   6.27 
clusters[10] =   5.23   3.95   7.05   6.51   5.46   6.39   6.93   3.98   5.48   3.52   6.77   6.92   4.80   5.06   6.59   6.53 
clusters[11] =   3.70   3.46   3.00   5.08   3.35   6.82   6.30   6.73   4.14   4.16   4.71   3.26   4.69   5.17   5.65   7.11 
clusters[12] =   5.96   6.92   5.51   5.99   6.10   6.88   4.55   3.31   4.07   5.08   3.32   4.13   4.84   3.18   3.11   6.88 
clusters[13] =   6.55   4.41   3.10   3.86   5.28   6.97   3.71   5.30   2.75   4.67   6.33   5.89   4.56   6.63   3.96   3.18 
clusters[14] =   4.97   4.63   5.25   4.84   2.56   6.70   5.04   3.43   7.53   4.84   3.76   6.78   4.72   5.61   4.16   2.88 
clusters[15] =   4.02   4.01   6.36   6.16   7.32   5.19   3.73   4.73   6.00   4.32   3.47   2.74   4.59   7.31   5.13   3.65 

~~~~~~~~~~~~~~~~~~~~~~~~~~~~~~~~~~~~~~~~~~~~~~~~~~~~~~~~~~~~~~~~~~~~~~~~~~~~~~~~

dataset_size = 256.00 MB    numObjs = 4194304    numCoords = 16    numClusters = 16    block_size = 256


|-----------Full-offload GPU Kmeans------------|

t_alloc: 373.500109 ms

t_alloc_gpu: 2379.866838 ms

t_get_gpu: 105.460167 ms

nloops = 10  : total = 175.367117 ms
	-> t_loop_avg = 17.536712 ms
	-> t_loop_min = 16.906977 ms
	-> t_loop_max = 17.784119 ms

|-------------------------------------------|

Final cluster centers:
clusters[0] =   3.00   6.88   6.32   2.55   6.08   6.13   6.15   7.01   5.55   4.64   5.24   4.80   5.47   3.58   5.28   3.51 
clusters[1] =   3.10   6.29   3.00   7.09   6.00   4.53   3.21   4.48   5.13   5.06   7.21   6.40   5.38   3.63   5.75   4.29 
clusters[2] =   5.48   4.24   6.69   6.76   2.57   4.54   3.09   6.98   4.73   5.93   4.86   3.54   5.20   3.26   5.64   3.83 
clusters[3] =   6.13   3.87   3.32   5.18   6.08   3.79   7.26   3.53   3.81   5.54   3.61   4.23   5.36   3.35   6.47   3.02 
clusters[4] =   6.92   6.91   5.63   6.35   5.03   3.83   7.19   6.88   4.87   5.99   6.87   4.26   5.28   6.57   3.75   4.84 
clusters[5] =   2.89   5.42   6.51   4.35   3.19   3.37   5.47   3.38   2.38   5.90   4.29   6.16   5.08   6.39   4.40   5.27 
clusters[6] =   4.16   4.10   3.18   5.19   6.16   3.90   5.48   6.53   6.92   6.84   3.24   7.07   5.06   5.72   3.85   6.54 
clusters[7] =   5.35   3.22   5.68   2.99   5.39   4.39   4.26   3.18   6.42   6.85   7.41   3.33   5.11   4.51   4.55   6.29 
clusters[8] =   5.90   7.18   3.14   3.64   3.14   3.16   4.35   3.96   6.43   3.02   4.82   3.77   5.04   5.58   5.71   5.99 
clusters[9] =   6.85   4.38   6.33   3.52   6.35   3.39   3.17   6.63   3.96   3.54   4.01   6.88   4.80   4.48   6.06   6.27 
clusters[10] =   5.23   3.95   7.05   6.51   5.46   6.39   6.93   3.98   5.48   3.52   6.77   6.92   4.80   5.06   6.59   6.53 
clusters[11] =   3.70   3.46   3.00   5.08   3.35   6.82   6.30   6.73   4.14   4.16   4.71   3.26   4.69   5.17   5.65   7.11 
clusters[12] =   5.96   6.92   5.51   5.99   6.10   6.88   4.55   3.31   4.07   5.08   3.32   4.13   4.84   3.18   3.11   6.88 
clusters[13] =   6.55   4.41   3.10   3.86   5.28   6.97   3.71   5.30   2.75   4.67   6.33   5.89   4.56   6.63   3.96   3.18 
clusters[14] =   4.97   4.63   5.25   4.84   2.56   6.70   5.04   3.44   7.53   4.83   3.76   6.78   4.72   5.61   4.16   2.88 
clusters[15] =   4.02   4.01   6.36   6.16   7.32   5.19   3.73   4.73   6.00   4.33   3.47   2.74   4.59   7.31   5.13   3.65 

~~~~~~~~~~~~~~~~~~~~~~~~~~~~~~~~~~~~~~~~~~~~~~~~~~~~~~~~~~~~~~~~~~~~~~~~~~~~~~~~

dataset_size = 256.00 MB    numObjs = 4194304    numCoords = 16    numClusters = 16    block_size = 512


|-----------Full-offload GPU Kmeans------------|

t_alloc: 370.429993 ms

t_alloc_gpu: 2364.892006 ms

t_get_gpu: 105.081081 ms

nloops = 10  : total = 191.454887 ms
	-> t_loop_avg = 19.145489 ms
	-> t_loop_min = 18.402100 ms
	-> t_loop_max = 20.072937 ms

|-------------------------------------------|

Final cluster centers:
clusters[0] =   3.00   6.88   6.32   2.55   6.08   6.13   6.15   7.01   5.55   4.64   5.24   4.80   5.47   3.58   5.28   3.51 
clusters[1] =   3.10   6.29   3.00   7.09   6.00   4.52   3.21   4.48   5.13   5.06   7.21   6.40   5.39   3.63   5.75   4.29 
clusters[2] =   5.48   4.24   6.69   6.76   2.57   4.54   3.09   6.98   4.73   5.93   4.86   3.54   5.20   3.26   5.64   3.83 
clusters[3] =   6.13   3.87   3.32   5.18   6.08   3.79   7.26   3.53   3.81   5.54   3.61   4.23   5.36   3.35   6.47   3.02 
clusters[4] =   6.92   6.91   5.63   6.35   5.03   3.83   7.19   6.88   4.87   5.99   6.87   4.26   5.28   6.57   3.75   4.85 
clusters[5] =   2.89   5.42   6.51   4.35   3.19   3.37   5.47   3.38   2.38   5.90   4.29   6.16   5.08   6.39   4.40   5.27 
clusters[6] =   4.16   4.10   3.18   5.19   6.16   3.90   5.48   6.53   6.92   6.84   3.24   7.07   5.06   5.72   3.85   6.54 
clusters[7] =   5.35   3.22   5.68   2.99   5.39   4.39   4.26   3.18   6.42   6.85   7.41   3.33   5.11   4.51   4.55   6.29 
clusters[8] =   5.90   7.18   3.14   3.64   3.14   3.16   4.35   3.96   6.43   3.02   4.82   3.77   5.04   5.58   5.71   5.99 
clusters[9] =   6.85   4.38   6.33   3.52   6.35   3.39   3.17   6.63   3.96   3.54   4.01   6.88   4.80   4.48   6.06   6.27 
clusters[10] =   5.23   3.95   7.05   6.51   5.46   6.39   6.93   3.98   5.48   3.52   6.77   6.92   4.80   5.06   6.59   6.53 
clusters[11] =   3.70   3.46   3.00   5.08   3.35   6.82   6.30   6.73   4.14   4.16   4.71   3.26   4.69   5.17   5.65   7.11 
clusters[12] =   5.96   6.92   5.51   5.99   6.11   6.88   4.55   3.31   4.07   5.08   3.32   4.13   4.84   3.18   3.11   6.88 
clusters[13] =   6.55   4.41   3.10   3.86   5.28   6.97   3.71   5.30   2.75   4.67   6.33   5.89   4.56   6.63   3.96   3.18 
clusters[14] =   4.97   4.63   5.25   4.84   2.56   6.70   5.04   3.43   7.53   4.83   3.76   6.78   4.72   5.61   4.16   2.89 
clusters[15] =   4.02   4.01   6.36   6.16   7.32   5.19   3.73   4.73   6.00   4.33   3.47   2.74   4.59   7.31   5.13   3.65 

~~~~~~~~~~~~~~~~~~~~~~~~~~~~~~~~~~~~~~~~~~~~~~~~~~~~~~~~~~~~~~~~~~~~~~~~~~~~~~~~

dataset_size = 256.00 MB    numObjs = 4194304    numCoords = 16    numClusters = 16    block_size = 1024


|-----------Full-offload GPU Kmeans------------|

t_alloc: 370.262861 ms

t_alloc_gpu: 2365.897894 ms

t_get_gpu: 104.743004 ms

nloops = 10  : total = 203.889132 ms
	-> t_loop_avg = 20.388913 ms
	-> t_loop_min = 19.567013 ms
	-> t_loop_max = 20.905972 ms

|-------------------------------------------|

Final cluster centers:
clusters[0] =   3.00   6.88   6.32   2.55   6.08   6.13   6.15   7.01   5.55   4.64   5.24   4.80   5.47   3.58   5.28   3.51 
clusters[1] =   3.10   6.29   3.00   7.09   6.00   4.53   3.21   4.48   5.13   5.06   7.21   6.40   5.38   3.63   5.75   4.29 
clusters[2] =   5.48   4.24   6.69   6.76   2.57   4.54   3.09   6.98   4.73   5.93   4.86   3.54   5.20   3.26   5.64   3.83 
clusters[3] =   6.13   3.87   3.32   5.18   6.08   3.79   7.26   3.53   3.81   5.54   3.61   4.23   5.36   3.35   6.47   3.02 
clusters[4] =   6.92   6.91   5.63   6.35   5.03   3.83   7.19   6.88   4.87   5.99   6.87   4.26   5.28   6.57   3.75   4.84 
clusters[5] =   2.89   5.42   6.51   4.35   3.19   3.37   5.47   3.38   2.38   5.90   4.29   6.16   5.08   6.39   4.40   5.27 
clusters[6] =   4.16   4.10   3.18   5.19   6.16   3.90   5.48   6.53   6.92   6.84   3.24   7.07   5.06   5.72   3.85   6.54 
clusters[7] =   5.35   3.22   5.68   2.99   5.39   4.39   4.26   3.18   6.42   6.85   7.41   3.33   5.11   4.51   4.55   6.29 
clusters[8] =   5.90   7.18   3.14   3.64   3.14   3.16   4.35   3.96   6.43   3.02   4.82   3.77   5.04   5.58   5.71   5.99 
clusters[9] =   6.85   4.38   6.33   3.52   6.35   3.38   3.17   6.63   3.96   3.54   4.01   6.88   4.80   4.48   6.06   6.27 
clusters[10] =   5.23   3.95   7.05   6.51   5.46   6.39   6.93   3.98   5.48   3.52   6.77   6.92   4.80   5.06   6.59   6.53 
clusters[11] =   3.70   3.46   3.00   5.08   3.35   6.82   6.30   6.73   4.14   4.16   4.71   3.26   4.69   5.17   5.65   7.11 
clusters[12] =   5.96   6.92   5.51   5.99   6.10   6.88   4.55   3.31   4.07   5.08   3.32   4.13   4.84   3.18   3.11   6.88 
clusters[13] =   6.55   4.41   3.10   3.86   5.28   6.97   3.71   5.30   2.75   4.67   6.33   5.89   4.56   6.63   3.96   3.18 
clusters[14] =   4.97   4.63   5.25   4.84   2.56   6.70   5.04   3.44   7.53   4.83   3.76   6.78   4.72   5.61   4.16   2.88 
clusters[15] =   4.02   4.01   6.36   6.16   7.32   5.19   3.73   4.73   6.00   4.33   3.47   2.74   4.59   7.31   5.13   3.65 
