
~~~~~~~~~~~~~~~~~~~~~~~~~~~~~~~~~~~~~~~~~~~~~~~~~~~~~~~~~~~~~~~~~~~~~~~~~~~~~~~~

dataset_size = 256.00 MB    numObjs = 33554432    numCoords = 2    numClusters = 16    block_size = 32


|-----------Full-offload GPU Kmeans------------|

t_alloc: 166.132927 ms

t_alloc_gpu: 2394.310951 ms

t_get_gpu: 138.450146 ms

nloops = 10  : total = 934.633017 ms
	-> t_loop_avg = 93.463302 ms
	-> t_loop_min = 88.725805 ms
	-> t_loop_max = 91.837883 ms

|-------------------------------------------|

Final cluster centers:
clusters[0] =   1.53   8.73 
clusters[1] =   3.99   6.31 
clusters[2] =   6.33   4.02 
clusters[3] =   8.78   1.46 
clusters[4] =   9.09   8.15 
clusters[5] =   1.17   6.18 
clusters[6] =   4.21   3.59 
clusters[7] =   6.39   1.35 
clusters[8] =   6.94   8.86 
clusters[9] =   8.89   4.44 
clusters[10] =   2.29   4.01 
clusters[11] =   3.90   1.20 
clusters[12] =   4.42   8.73 
clusters[13] =   7.03   6.37 
clusters[14] =   0.78   3.14 
clusters[15] =   1.41   1.05 

~~~~~~~~~~~~~~~~~~~~~~~~~~~~~~~~~~~~~~~~~~~~~~~~~~~~~~~~~~~~~~~~~~~~~~~~~~~~~~~~

dataset_size = 256.00 MB    numObjs = 33554432    numCoords = 2    numClusters = 16    block_size = 64


|-----------Full-offload GPU Kmeans------------|

t_alloc: 166.564941 ms

t_alloc_gpu: 2379.664898 ms

t_get_gpu: 138.614178 ms

nloops = 10  : total = 537.503004 ms
	-> t_loop_avg = 53.750300 ms
	-> t_loop_min = 49.218893 ms
	-> t_loop_max = 51.434040 ms

|-------------------------------------------|

Final cluster centers:
clusters[0] =   1.53   8.73 
clusters[1] =   3.99   6.31 
clusters[2] =   6.32   4.02 
clusters[3] =   8.79   1.46 
clusters[4] =   9.09   8.15 
clusters[5] =   1.17   6.17 
clusters[6] =   4.20   3.59 
clusters[7] =   6.39   1.35 
clusters[8] =   6.94   8.86 
clusters[9] =   8.89   4.44 
clusters[10] =   2.29   4.01 
clusters[11] =   3.90   1.20 
clusters[12] =   4.42   8.73 
clusters[13] =   7.04   6.37 
clusters[14] =   0.78   3.14 
clusters[15] =   1.42   1.05 

~~~~~~~~~~~~~~~~~~~~~~~~~~~~~~~~~~~~~~~~~~~~~~~~~~~~~~~~~~~~~~~~~~~~~~~~~~~~~~~~

dataset_size = 256.00 MB    numObjs = 33554432    numCoords = 2    numClusters = 16    block_size = 128


|-----------Full-offload GPU Kmeans------------|

t_alloc: 165.745020 ms

t_alloc_gpu: 2355.311871 ms

t_get_gpu: 138.383865 ms

nloops = 10  : total = 349.206924 ms
	-> t_loop_avg = 34.920692 ms
	-> t_loop_min = 30.532122 ms
	-> t_loop_max = 32.218933 ms

|-------------------------------------------|

Final cluster centers:
clusters[0] =   1.53   8.73 
clusters[1] =   3.99   6.31 
clusters[2] =   6.32   4.02 
clusters[3] =   8.79   1.46 
clusters[4] =   9.09   8.15 
clusters[5] =   1.17   6.17 
clusters[6] =   4.20   3.59 
clusters[7] =   6.39   1.35 
clusters[8] =   6.94   8.86 
clusters[9] =   8.89   4.44 
clusters[10] =   2.29   4.01 
clusters[11] =   3.90   1.20 
clusters[12] =   4.42   8.73 
clusters[13] =   7.05   6.37 
clusters[14] =   0.78   3.14 
clusters[15] =   1.42   1.05 

~~~~~~~~~~~~~~~~~~~~~~~~~~~~~~~~~~~~~~~~~~~~~~~~~~~~~~~~~~~~~~~~~~~~~~~~~~~~~~~~

dataset_size = 256.00 MB    numObjs = 33554432    numCoords = 2    numClusters = 16    block_size = 256


|-----------Full-offload GPU Kmeans------------|

t_alloc: 166.418076 ms

t_alloc_gpu: 2354.182959 ms

t_get_gpu: 138.279915 ms

nloops = 10  : total = 378.329992 ms
	-> t_loop_avg = 37.832999 ms
	-> t_loop_min = 33.257008 ms
	-> t_loop_max = 35.806894 ms

|-------------------------------------------|

Final cluster centers:
clusters[0] =   1.53   8.73 
clusters[1] =   3.99   6.31 
clusters[2] =   6.32   4.02 
clusters[3] =   8.79   1.46 
clusters[4] =   9.09   8.15 
clusters[5] =   1.17   6.17 
clusters[6] =   4.20   3.59 
clusters[7] =   6.39   1.35 
clusters[8] =   6.94   8.86 
clusters[9] =   8.89   4.44 
clusters[10] =   2.29   4.01 
clusters[11] =   3.90   1.20 
clusters[12] =   4.42   8.73 
clusters[13] =   7.04   6.37 
clusters[14] =   0.78   3.14 
clusters[15] =   1.42   1.05 

~~~~~~~~~~~~~~~~~~~~~~~~~~~~~~~~~~~~~~~~~~~~~~~~~~~~~~~~~~~~~~~~~~~~~~~~~~~~~~~~

dataset_size = 256.00 MB    numObjs = 33554432    numCoords = 2    numClusters = 16    block_size = 512


|-----------Full-offload GPU Kmeans------------|

t_alloc: 166.492939 ms

t_alloc_gpu: 2392.984867 ms

t_get_gpu: 138.333082 ms

nloops = 10  : total = 434.993982 ms
	-> t_loop_avg = 43.499398 ms
	-> t_loop_min = 38.617134 ms
	-> t_loop_max = 42.593002 ms

|-------------------------------------------|

Final cluster centers:
clusters[0] =   1.53   8.73 
clusters[1] =   3.99   6.31 
clusters[2] =   6.32   4.02 
clusters[3] =   8.79   1.46 
clusters[4] =   9.09   8.15 
clusters[5] =   1.17   6.17 
clusters[6] =   4.20   3.59 
clusters[7] =   6.39   1.35 
clusters[8] =   6.94   8.86 
clusters[9] =   8.89   4.44 
clusters[10] =   2.29   4.01 
clusters[11] =   3.90   1.20 
clusters[12] =   4.42   8.73 
clusters[13] =   7.04   6.37 
clusters[14] =   0.78   3.14 
clusters[15] =   1.42   1.05 

~~~~~~~~~~~~~~~~~~~~~~~~~~~~~~~~~~~~~~~~~~~~~~~~~~~~~~~~~~~~~~~~~~~~~~~~~~~~~~~~

dataset_size = 256.00 MB    numObjs = 33554432    numCoords = 2    numClusters = 16    block_size = 1024


|-----------Full-offload GPU Kmeans------------|

t_alloc: 164.955139 ms

t_alloc_gpu: 2380.065918 ms

t_get_gpu: 138.473034 ms

nloops = 10  : total = 523.047924 ms
	-> t_loop_avg = 52.304792 ms
	-> t_loop_min = 47.792196 ms
	-> t_loop_max = 51.826000 ms

|-------------------------------------------|

Final cluster centers:
clusters[0] =   1.53   8.73 
clusters[1] =   3.99   6.31 
clusters[2] =   6.32   4.02 
clusters[3] =   8.79   1.46 
clusters[4] =   9.09   8.15 
clusters[5] =   1.17   6.17 
clusters[6] =   4.20   3.59 
clusters[7] =   6.39   1.35 
clusters[8] =   6.94   8.86 
clusters[9] =   8.89   4.44 
clusters[10] =   2.29   4.01 
clusters[11] =   3.90   1.20 
clusters[12] =   4.42   8.73 
clusters[13] =   7.04   6.37 
clusters[14] =   0.78   3.14 
clusters[15] =   1.42   1.05 
